============================================================
  Generated by:           Genus(TM) Synthesis Solution 20.11-s111_1
  Generated on:           Nov 02 2025  11:16:00 am
  Module:                 dac_1
  Operating conditions:   slow (balanced_tree)
  Wireload mode:          enclosed
  Area mode:              timing library
============================================================


Path 1: MET (7335 ps) Setup Check with Pin accumulator_reg[7]/CK->D
          Group: clk
     Startpoint: (R) accumulator_reg[0]/CK
          Clock: (R) clk
       Endpoint: (R) accumulator_reg[7]/D
          Clock: (R) clk

                     Capture       Launch     
        Clock Edge:+   10000            0     
       Src Latency:+       0            0     
       Net Latency:+       0 (I)        0 (I) 
           Arrival:=   10000            0     
                                              
             Setup:-     216                  
     Required Time:=    9784                  
      Launch Clock:-       0                  
         Data Path:-    2448                  
             Slack:=    7335                  

#----------------------------------------------------------------------------------------------
#     Timing Point      Flags   Arc   Edge   Cell     Fanout Load Trans Delay Arrival Instance 
#                                                            (fF)  (ps)  (ps)   (ps)  Location 
#----------------------------------------------------------------------------------------------
  accumulator_reg[0]/CK -       -     R     (arrival)     10    -     0     0       0    (-,-) 
  accumulator_reg[0]/Q  -       CK->Q F     DFFQX1         2  3.4    52   309     309    (-,-) 
  g1037__1617/Y         -       B->Y  F     AND2X1         2  9.5    83   133     442    (-,-) 
  g1034__6783/CO        -       A->CO F     ADDFX1         1  6.7   109   271     713    (-,-) 
  g1032__5526/CO        -       A->CO F     ADDFX1         1  6.7   109   277     990    (-,-) 
  g1030__8428/CO        -       A->CO F     ADDFX1         1  6.7   109   277    1267    (-,-) 
  g1028__4319/CO        -       A->CO F     ADDFX1         1  6.7   109   277    1544    (-,-) 
  g1026__6260/CO        -       A->CO F     ADDFX1         1  6.7   109   277    1821    (-,-) 
  g1024__5107/CO        -       A->CO F     ADDFX1         1  6.2   105   273    2094    (-,-) 
  g1022__2398/S         -       B->S  R     ADDFXL         1  1.6    75   354    2448    (-,-) 
  accumulator_reg[7]/D  <<<     -     R     DFFQX1         1    -     -     0    2448    (-,-) 
#----------------------------------------------------------------------------------------------

